0 info it worked if it ends with ok
1 verbose cli [ 'node', '/usr/local/bin/npm', 'run', 'lint' ]
2 info using npm@3.4.0
3 info using node@v0.12.4
4 verbose node symlink /usr/local/bin/node
5 verbose run-script [ 'prelint', 'lint', 'postlint' ]
6 info lifecycle express-httpchk@1.0.0~prelint: express-httpchk@1.0.0
7 silly lifecycle express-httpchk@1.0.0~prelint: no script for prelint, continuing
8 info lifecycle express-httpchk@1.0.0~lint: express-httpchk@1.0.0
9 verbose lifecycle express-httpchk@1.0.0~lint: unsafe-perm in lifecycle true
10 verbose lifecycle express-httpchk@1.0.0~lint: PATH: /usr/local/lib/node_modules/npm/bin/node-gyp-bin:/Users/dom/Dropbox/loke/express-httpchk/node_modules/.bin:/Users/dom/.rbenv/shims:/usr/local/share/npm/bin:/Users/dom/bin:/usr/local/bin:/usr/bin:/bin:/usr/sbin:/sbin:/usr/local/sbin:/Users/dom/go/bin
11 verbose lifecycle express-httpchk@1.0.0~lint: CWD: /Users/dom/Dropbox/loke/express-httpchk
12 silly lifecycle express-httpchk@1.0.0~lint: Args: [ '-c', 'eslint .' ]
13 silly lifecycle express-httpchk@1.0.0~lint: Returned: code: 1  signal: null
14 info lifecycle express-httpchk@1.0.0~lint: Failed to exec lint script
15 verbose stack Error: express-httpchk@1.0.0 lint: `eslint .`
15 verbose stack Exit status 1
15 verbose stack     at EventEmitter.<anonymous> (/usr/local/lib/node_modules/npm/lib/utils/lifecycle.js:232:16)
15 verbose stack     at EventEmitter.emit (events.js:110:17)
15 verbose stack     at ChildProcess.<anonymous> (/usr/local/lib/node_modules/npm/lib/utils/spawn.js:24:14)
15 verbose stack     at ChildProcess.emit (events.js:110:17)
15 verbose stack     at maybeClose (child_process.js:1015:16)
15 verbose stack     at Process.ChildProcess._handle.onexit (child_process.js:1087:5)
16 verbose pkgid express-httpchk@1.0.0
17 verbose cwd /Users/dom/Dropbox/loke/express-httpchk
18 error Darwin 14.5.0
19 error argv "node" "/usr/local/bin/npm" "run" "lint"
20 error node v0.12.4
21 error npm  v3.4.0
22 error code ELIFECYCLE
23 error express-httpchk@1.0.0 lint: `eslint .`
23 error Exit status 1
24 error Failed at the express-httpchk@1.0.0 lint script 'eslint .'.
24 error Make sure you have the latest version of node.js and npm installed.
24 error If you do, this is most likely a problem with the express-httpchk package,
24 error not with npm itself.
24 error Tell the author that this fails on your system:
24 error     eslint .
24 error You can get their info via:
24 error     npm owner ls express-httpchk
24 error There is likely additional logging output above.
25 verbose exit [ 1, true ]
